<?xml version="1.0" encoding="UTF-8"?>
<!-- Generated by org.testng.reporters.JUnitReportReporter -->
<testsuite skipped="0" hostname="PC-9" name="test_Cases.LoginTest" tests="1" failures="0" timestamp="2023-02-15T09:45:38 IST" time="24.415" errors="0">
  <testcase name="verifyLogin" time="24.415" classname="test_Cases.LoginTest"/>
  <system-out/>
</testsuite> <!-- test_Cases.LoginTest -->
